{
  "RSpec": {
    "coverage": {
      "/home/aniketkaushik/dreamspring/sales-tax-calculator/app/helpers/application_helper.rb": {
        "lines": [
          null,
          null,
          1,
          1,
          0,
          0,
          0,
          0,
          null,
          null,
          0,
          null,
          null
        ]
      },
      "/home/aniketkaushik/dreamspring/sales-tax-calculator/app/helpers/invoices_helper.rb": {
        "lines": [
          null,
          null,
          1,
          null
        ]
      },
      "/home/aniketkaushik/dreamspring/sales-tax-calculator/app/helpers/items_helper.rb": {
        "lines": [
          null,
          null,
          1,
          null
        ]
      },
      "/home/aniketkaushik/dreamspring/sales-tax-calculator/app/helpers/taxes_helper.rb": {
        "lines": [
          null,
          null,
          1,
          null
        ]
      },
      "/home/aniketkaushik/dreamspring/sales-tax-calculator/app/helpers/taxs_calculator_helper.rb": {
        "lines": [
          null,
          null,
          1,
          null
        ]
      },
      "/home/aniketkaushik/dreamspring/sales-tax-calculator/app/models/invoice.rb": {
        "lines": [
          null,
          null,
          1,
          1,
          null,
          1,
          null
        ]
      },
      "/home/aniketkaushik/dreamspring/sales-tax-calculator/app/models/application_record.rb": {
        "lines": [
          null,
          null,
          1,
          1,
          null
        ]
      },
      "/home/aniketkaushik/dreamspring/sales-tax-calculator/app/services/invoice_services/currency_conversion.rb": {
        "lines": [
          null,
          null,
          1,
          1,
          1,
          2,
          0,
          0,
          0,
          0,
          0,
          0,
          0,
          0,
          0,
          null,
          2,
          null,
          null,
          null,
          null
        ]
      },
      "/home/aniketkaushik/dreamspring/sales-tax-calculator/app/services/invoice_services/tax_calculation.rb": {
        "lines": [
          null,
          null,
          1,
          1,
          null,
          1,
          null,
          1,
          1,
          null,
          null,
          1,
          null,
          1,
          1,
          1,
          1,
          1,
          1,
          1,
          1,
          1,
          1,
          1,
          1,
          1,
          1,
          1,
          1,
          1,
          null,
          null,
          1,
          1,
          1,
          1,
          1,
          null,
          null,
          null,
          1,
          null,
          1,
          1,
          1,
          null,
          null,
          null,
          null
        ]
      },
      "/home/aniketkaushik/dreamspring/sales-tax-calculator/app/models/item.rb": {
        "lines": [
          null,
          null,
          1,
          1,
          1,
          null,
          1,
          1,
          1,
          1,
          null
        ]
      },
      "/home/aniketkaushik/dreamspring/sales-tax-calculator/app/models/category.rb": {
        "lines": [
          null,
          null,
          1,
          1,
          1,
          null,
          1,
          1,
          null
        ]
      },
      "/home/aniketkaushik/dreamspring/sales-tax-calculator/app/controllers/application_controller.rb": {
        "lines": [
          null,
          null,
          0,
          0
        ],
        "branches": {
        }
      },
      "/home/aniketkaushik/dreamspring/sales-tax-calculator/app/controllers/categories_controller.rb": {
        "lines": [
          null,
          null,
          0,
          0,
          0,
          null,
          null,
          0,
          0,
          0,
          null,
          null,
          0,
          0,
          null,
          null,
          0,
          0,
          0,
          null,
          null,
          0,
          0,
          null,
          null,
          0,
          0,
          0,
          0,
          0,
          0,
          0,
          0,
          0,
          0,
          0,
          0,
          0,
          0,
          0,
          0,
          0,
          null,
          null,
          0,
          0,
          0,
          0,
          0,
          0,
          0,
          0,
          0,
          0,
          0,
          null,
          null,
          0,
          0,
          0,
          0,
          0,
          0,
          0,
          0,
          null,
          0,
          null,
          null,
          0,
          0,
          0,
          null,
          null,
          0,
          0,
          0,
          0
        ],
        "branches": {
        }
      },
      "/home/aniketkaushik/dreamspring/sales-tax-calculator/app/controllers/invoices_controller.rb": {
        "lines": [
          null,
          null,
          0,
          0,
          0,
          null,
          null,
          0,
          0,
          0,
          null,
          null,
          0,
          0,
          0,
          null,
          null,
          0,
          0,
          0,
          null,
          null,
          0,
          0,
          null,
          null,
          0,
          0,
          0,
          0,
          0,
          0,
          0,
          0,
          0,
          0,
          0,
          0,
          0,
          0,
          0,
          0,
          0,
          null,
          null,
          0,
          0,
          0,
          0,
          0,
          0,
          0,
          0,
          0,
          0,
          0,
          null,
          null,
          0,
          0,
          0,
          0,
          0,
          0,
          0,
          0,
          null,
          0,
          null,
          null,
          0,
          0,
          0,
          null,
          null,
          0,
          0,
          0,
          0
        ],
        "branches": {
        }
      },
      "/home/aniketkaushik/dreamspring/sales-tax-calculator/app/controllers/items_controller.rb": {
        "lines": [
          null,
          null,
          0,
          0,
          0,
          0,
          null,
          0,
          0,
          0,
          null,
          null,
          0,
          0,
          null,
          null,
          0,
          0,
          0,
          null,
          null,
          0,
          0,
          0,
          null,
          null,
          null,
          0,
          0,
          0,
          0,
          0,
          0,
          0,
          0,
          0,
          0,
          0,
          0,
          0,
          0,
          0,
          0,
          0,
          null,
          null,
          null,
          0,
          0,
          0,
          0,
          0,
          0,
          0,
          0,
          0,
          0,
          0,
          null,
          null,
          null,
          0,
          0,
          0,
          0,
          0,
          0,
          0,
          0,
          null,
          0,
          null,
          null,
          0,
          0,
          0,
          null,
          null,
          0,
          0,
          0,
          null,
          0,
          0,
          0,
          0
        ],
        "branches": {
        }
      },
      "/home/aniketkaushik/dreamspring/sales-tax-calculator/app/controllers/taxs_calculator_controller.rb": {
        "lines": [
          null,
          null,
          0,
          0,
          0,
          0,
          0,
          0,
          0,
          0
        ],
        "branches": {
        }
      }
    },
    "timestamp": 1653736180
  }
}
